------------------------
nums1= [3, 4, 6, 5] nums2= [9, 1, 2, 5, 8, 3] k= 5

n= 4 m= 6
------------------------
i= 1
a1= [3, 4, 6, 5] a2= [9]
cand= [9, 3, 4, 6, 5]
*******************************
i= 2
a1= [4, 6, 5] a2= [9, 8]
cand= [9, 8, 4, 6, 5]
*******************************
i= 3
a1= [6, 5] a2= [9, 8, 3]
cand= [9, 8, 6, 5, 3]
*******************************
i= 4
a1= [6] a2= [9, 5, 8, 3]
cand= [9, 6, 5, 8, 3]
*******************************
i= 5
a1= [] a2= [9, 2, 5, 8, 3]
cand= [9, 2, 5, 8, 3]
*******************************
------------------------
nums1= [6, 7] nums2= [6, 0, 4] k= 5

n= 2 m= 3
------------------------
i= 3
a1= [6, 7] a2= [6, 0, 4]
cand= [6, 7, 6, 0, 4]
*******************************
------------------------
nums1= [3, 9] nums2= [8, 9] k= 3

n= 2 m= 2
------------------------
i= 1
a1= [3, 9] a2= [9]
cand= [9, 3, 9]
*******************************
i= 2
a1= [9] a2= [8, 9]
cand= [9, 8, 9]
*******************************